TDD project - Test
======================

Using ``say_my_name``
-------------------

This is the text file for testing
``say_my_name``

    >>> say_my_name = __import__('3-say_my_name').say_my_name

    
cases:

    >>> say_my_name("John", "Smith")
    My name is John Smith

    >>> say_my_name("Walter", "White")
    My name is Walter White

    >>> say_my_name("Bob")
    My name is Bob 

    >>> say_my_name(12, "White")
    Traceback (most recent call last):
        ...
    TypeError: first_name must be a string

    >>> say_my_name("Andres", 0)
    Traceback (most recent call last):
        ...
    TypeError: last_name must be a string

    >>> say_my_name(0, "Youregoddamnright")
    Traceback (most recent call last):
        ...
    TypeError: first_name must be a string

    >>> say_my_name("WillyWonka", 0)
    Traceback (most recent call last):
        ...
    TypeError: last_name must be a string

    >>> say_my_name()
    Traceback (most recent call last):
        ...
    TypeError: say_my_name() missing 1 required positional argument: 'first_name'

    >>> say_my_name("a", "b", "c")
    Traceback (most recent call last):
        ...
    TypeError: say_my_name() takes from 1 to 2 positional arguments but 3 were given
